[    0.000000] Linux version 4.15.0-142-generic (buildd@lgw01-amd64-036) (gcc version 7.5.0 (Ubuntu 7.5.0-3ubuntu1~18.04)) #146-Ubuntu SMP Tue Apr 13 01:11:19 UTC 2021 (Ubuntu 4.15.0-142.146-generic 4.15.18)
[    0.000000] Command line: BOOT_IMAGE=/boot/vmlinuz-4.15.0-142-generic root=LABEL=cloudimg-rootfs ro console=tty1 console=ttyS0
[    0.000000] KERNEL supported cpus:
[    0.000000]   Intel GenuineIntel
[    0.000000]   AMD AuthenticAMD
[    0.000000]   Centaur CentaurHauls
[    0.000000] x86/fpu: Supporting XSAVE feature 0x001: 'x87 floating point registers'
[    0.000000] x86/fpu: Supporting XSAVE feature 0x002: 'SSE registers'
[    0.000000] x86/fpu: Supporting XSAVE feature 0x004: 'AVX registers'
[    0.000000] x86/fpu: xstate_offset[2]:  576, xstate_sizes[2]:  256
[    0.000000] x86/fpu: Enabled xstate features 0x7, context size is 832 bytes, using 'standard' format.
[    0.000000] e820: BIOS-provided physical RAM map:
[    0.000000] BIOS-e820: [mem 0x0000000000000000-0x000000000009fbff] usable
[    0.000000] BIOS-e820: [mem 0x000000000009fc00-0x000000000009ffff] reserved
[    0.000000] BIOS-e820: [mem 0x00000000000f0000-0x00000000000fffff] reserved
[    0.000000] BIOS-e820: [mem 0x0000000000100000-0x000000003ffeffff] usable
[    0.000000] BIOS-e820: [mem 0x000000003fff0000-0x000000003fffffff] ACPI data
[    0.000000] BIOS-e820: [mem 0x00000000fec00000-0x00000000fec00fff] reserved
[    0.000000] BIOS-e820: [mem 0x00000000fee00000-0x00000000fee00fff] reserved
[    0.000000] BIOS-e820: [mem 0x00000000fffc0000-0x00000000ffffffff] reserved
[    0.000000] NX (Execute Disable) protection: active
[    0.000000] SMBIOS 2.5 present.
[    0.000000] DMI: innotek GmbH VirtualBox/VirtualBox, BIOS VirtualBox 12/01/2006
[    0.000000] Hypervisor detected: KVM
[    0.000000] e820: last_pfn = 0x3fff0 max_arch_pfn = 0x400000000
[    0.000000] MTRR: Disabled
[    0.000000] x86/PAT: MTRRs disabled, skipping PAT initialization too.
[    0.000000] CPU MTRRs all blank - virtualized system.
[    0.000000] x86/PAT: Configuration [0-7]: WB  WT  UC- UC  WB  WT  UC- UC  
[    0.000000] found SMP MP-table at [mem 0x0009fff0-0x0009ffff]
[    0.000000] Scanning 1 areas for low memory corruption
[    0.000000] RAMDISK: [mem 0x359cf000-0x36cdefff]
[    0.000000] ACPI: Early table checksum verification disabled
[    0.000000] ACPI: RSDP 0x00000000000E0000 000024 (v02 VBOX  )
[    0.000000] ACPI: XSDT 0x000000003FFF0030 00003C (v01 VBOX   VBOXXSDT 00000001 ASL  00000061)
[    0.000000] ACPI: FACP 0x000000003FFF00F0 0000F4 (v04 VBOX   VBOXFACP 00000001 ASL  00000061)
[    0.000000] ACPI: DSDT 0x000000003FFF0470 0022EA (v02 VBOX   VBOXBIOS 00000002 INTL 20100528)
[    0.000000] ACPI: FACS 0x000000003FFF0200 000040
[    0.000000] ACPI: FACS 0x000000003FFF0200 000040
[    0.000000] ACPI: APIC 0x000000003FFF0240 00005C (v02 VBOX   VBOXAPIC 00000001 ASL  00000061)
[    0.000000] ACPI: SSDT 0x000000003FFF02A0 0001CC (v01 VBOX   VBOXCPUT 00000002 INTL 20100528)
[    0.000000] No NUMA configuration found
[    0.000000] Faking a node at [mem 0x0000000000000000-0x000000003ffeffff]
[    0.000000] NODE_DATA(0) allocated [mem 0x3ffc5000-0x3ffeffff]
[    0.000000] kvm-clock: cpu 0, msr 0:3ff44001, primary cpu clock
[    0.000000] kvm-clock: Using msrs 4b564d01 and 4b564d00
[    0.000000] kvm-clock: using sched offset of 3432433680 cycles
[    0.000000] clocksource: kvm-clock: mask: 0xffffffffffffffff max_cycles: 0x1cd42e4dffb, max_idle_ns: 881590591483 ns
[    0.000000] Zone ranges:
[    0.000000]   DMA      [mem 0x0000000000001000-0x0000000000ffffff]
[    0.000000]   DMA32    [mem 0x0000000001000000-0x000000003ffeffff]
[    0.000000]   Normal   empty
[    0.000000]   Device   empty
[    0.000000] Movable zone start for each node
[    0.000000] Early memory node ranges
[    0.000000]   node   0: [mem 0x0000000000001000-0x000000000009efff]
[    0.000000]   node   0: [mem 0x0000000000100000-0x000000003ffeffff]
[    0.000000] Reserved but unavailable: 98 pages
[    0.000000] Initmem setup node 0 [mem 0x0000000000001000-0x000000003ffeffff]
[    0.000000] ACPI: PM-Timer IO Port: 0x4008
[    0.000000] IOAPIC[0]: apic_id 2, version 32, address 0xfec00000, GSI 0-23
[    0.000000] ACPI: INT_SRC_OVR (bus 0 bus_irq 0 global_irq 2 dfl dfl)
[    0.000000] ACPI: INT_SRC_OVR (bus 0 bus_irq 9 global_irq 9 low level)
[    0.000000] Using ACPI (MADT) for SMP configuration information
[    0.000000] smpboot: Allowing 2 CPUs, 0 hotplug CPUs
[    0.000000] PM: Registered nosave memory: [mem 0x00000000-0x00000fff]
[    0.000000] PM: Registered nosave memory: [mem 0x0009f000-0x0009ffff]
[    0.000000] PM: Registered nosave memory: [mem 0x000a0000-0x000effff]
[    0.000000] PM: Registered nosave memory: [mem 0x000f0000-0x000fffff]
[    0.000000] e820: [mem 0x40000000-0xfebfffff] available for PCI devices
[    0.000000] Booting paravirtualized kernel on KVM
[    0.000000] clocksource: refined-jiffies: mask: 0xffffffff max_cycles: 0xffffffff, max_idle_ns: 7645519600211568 ns
[    0.000000] random: get_random_bytes called from start_kernel+0x99/0x500 with crng_init=0
[    0.000000] setup_percpu: NR_CPUS:8192 nr_cpumask_bits:2 nr_cpu_ids:2 nr_node_ids:1
[    0.000000] percpu: Embedded 45 pages/cpu s147456 r8192 d28672 u1048576
[    0.000000] PV qspinlock hash table entries: 256 (order: 0, 4096 bytes)
[    0.000000] Built 1 zonelists, mobility grouping on.  Total pages: 257913
[    0.000000] Policy zone: DMA32
[    0.000000] Kernel command line: BOOT_IMAGE=/boot/vmlinuz-4.15.0-142-generic root=LABEL=cloudimg-rootfs ro console=tty1 console=ttyS0
[    0.000000] Memory: 982720K/1048120K available (12300K kernel code, 2483K rwdata, 4316K rodata, 2444K init, 2724K bss, 65400K reserved, 0K cma-reserved)
[    0.000000] SLUB: HWalign=64, Order=0-3, MinObjects=0, CPUs=2, Nodes=1
[    0.000000] ftrace: allocating 39434 entries in 155 pages
[    0.004000] Hierarchical RCU implementation.
[    0.004000] 	RCU restricting CPUs from NR_CPUS=8192 to nr_cpu_ids=2.
[    0.004000] 	Tasks RCU enabled.
[    0.004000] RCU: Adjusting geometry for rcu_fanout_leaf=16, nr_cpu_ids=2
[    0.004000] NR_IRQS: 524544, nr_irqs: 440, preallocated irqs: 16
[    0.004000] Console: colour VGA+ 80x25
[    0.004000] console [tty1] enabled
[    0.004000] console [ttyS0] enabled
[    0.004000] ACPI: Core revision 20170831
[    0.004000] ACPI: 2 ACPI AML tables successfully acquired and loaded
[    0.004000] APIC: Switch to symmetric I/O mode setup
[    0.004000] x2apic enabled
[    0.004000] Switched APIC routing to physical x2apic.
[    0.004000] ..TIMER: vector=0x30 apic1=0 pin1=2 apic2=-1 pin2=-1
[    0.004000] tsc: Detected 2592.004 MHz processor
[    0.004000] Calibrating delay loop (skipped) preset value.. 5184.00 BogoMIPS (lpj=10368016)
[    0.004003] pid_max: default: 32768 minimum: 301
[    0.004574] Security Framework initialized
[    0.005053] Yama: becoming mindful.
[    0.005478] AppArmor: AppArmor initialized
[    0.008022] Dentry cache hash table entries: 131072 (order: 8, 1048576 bytes)
[    0.008816] Inode-cache hash table entries: 65536 (order: 7, 524288 bytes)
[    0.009557] Mount-cache hash table entries: 2048 (order: 2, 16384 bytes)
[    0.012003] Mountpoint-cache hash table entries: 2048 (order: 2, 16384 bytes)
[    0.012947] Last level iTLB entries: 4KB 64, 2MB 8, 4MB 8
[    0.013540] Last level dTLB entries: 4KB 64, 2MB 0, 4MB 0, 1GB 4
[    0.014204] Spectre V1 : Mitigation: usercopy/swapgs barriers and __user pointer sanitization
[    0.015367] unchecked MSR access error: WRMSR to 0x48 (tried to write 0x0000000000000001) at rIP: 0xffffffffba66d188 (native_write_msr+0x8/0x30)
[    0.016001] Call Trace:
[    0.016318]  wrmsrl+0x16/0x20
[    0.016676]  check_bugs+0x263/0xa1b
[    0.017078]  ? delayacct_init+0x52/0x70
[    0.017649]  start_kernel+0x4b8/0x500
[    0.018100]  x86_64_start_reservations+0x24/0x26
[    0.018617]  x86_64_start_kernel+0x74/0x77
[    0.020003]  secondary_startup_64+0xa5/0xb0
[    0.020479] Spectre V2 : Mitigation: Enhanced IBRS
[    0.021018] Spectre V2 : Spectre v2 / SpectreRSB mitigation: Filling RSB on context switch
[    0.022014] Speculative Store Bypass: Vulnerable
[    0.022646] Freeing SMP alternatives memory: 36K
[    0.132501] smpboot: CPU0: Intel(R) Core(TM) i7-10750H CPU @ 2.60GHz (family: 0x6, model: 0xa5, stepping: 0x2)
[    0.133706] Performance Events: unsupported p6 CPU model 165 no PMU driver, software events only.
[    0.134703] Hierarchical SRCU implementation.
[    0.135625] NMI watchdog: Perf event create on CPU 0 failed with -2
[    0.136002] NMI watchdog: Perf NMI watchdog permanently disabled
[    0.136741] smp: Bringing up secondary CPUs ...
[    0.137404] x86: Booting SMP configuration:
[    0.137925] .... node  #0, CPUs:      #1
[    0.004000] kvm-clock: cpu 1, msr 0:3ff44041, secondary cpu clock
[    0.140015] smp: Brought up 1 node, 2 CPUs
[    0.140584] smpboot: Max logical packages: 1
[    0.141096] smpboot: Total of 2 processors activated (10368.01 BogoMIPS)
[    0.144005] devtmpfs: initialized
[    0.144448] x86/mm: Memory block size: 128MB
[    0.145044] evm: security.selinux
[    0.145456] evm: security.SMACK64
[    0.145872] evm: security.SMACK64EXEC
[    0.146337] evm: security.SMACK64TRANSMUTE
[    0.146825] evm: security.SMACK64MMAP
[    0.147386] evm: security.apparmor
[    0.147810] evm: security.ima
[    0.148004] evm: security.capability
[    0.148691] clocksource: jiffies: mask: 0xffffffff max_cycles: 0xffffffff, max_idle_ns: 7645041785100000 ns
[    0.149292] futex hash table entries: 512 (order: 3, 32768 bytes)
[    0.152015] pinctrl core: initialized pinctrl subsystem
[    0.152730] RTC time: 17:57:41, date: 04/22/21
[    0.156031] NET: Registered protocol family 16
[    0.156588] audit: initializing netlink subsys (disabled)
[    0.157366] audit: type=2000 audit(1619114266.576:1): state=initialized audit_enabled=0 res=1
[    0.157366] cpuidle: using governor ladder
[    0.157366] cpuidle: using governor menu
[    0.157366] ACPI: bus type PCI registered
[    0.160002] acpiphp: ACPI Hot Plug PCI Controller Driver version: 0.5
[    0.160873] PCI: Using configuration type 1 for base access
[    0.164023] HugeTLB registered 2.00 MiB page size, pre-allocated 0 pages
[    0.164859] ACPI: Added _OSI(Module Device)
[    0.164859] ACPI: Added _OSI(Processor Device)
[    0.165069] ACPI: Added _OSI(3.0 _SCP Extensions)
[    0.168003] ACPI: Added _OSI(Processor Aggregator Device)
[    0.168601] ACPI: Added _OSI(Linux-Dell-Video)
[    0.169106] ACPI: Added _OSI(Linux-Lenovo-NV-HDMI-Audio)
[    0.169708] ACPI: Added _OSI(Linux-HPI-Hybrid-Graphics)
[    0.170535] ACPI: Executed 1 blocks of module-level executable AML code
[    0.173406] ACPI: Interpreter enabled
[    0.173866] ACPI: (supports S0 S5)
[    0.174358] ACPI: Using IOAPIC for interrupt routing
[    0.175198] PCI: Using host bridge windows from ACPI; if necessary, use "pci=nocrs" and report a bug
[    0.176000] ACPI: Enabled 2 GPEs in block 00 to 07
[    0.181234] ACPI: PCI Root Bridge [PCI0] (domain 0000 [bus 00-ff])
[    0.181938] acpi PNP0A03:00: _OSC: OS supports [ASPM ClockPM Segments MSI]
[    0.183035] acpi PNP0A03:00: _OSC: not requesting OS control; OS requires [ExtendedConfig ASPM ClockPM MSI]
[    0.184008] acpi PNP0A03:00: fail to add MMCONFIG information, can't access extended PCI configuration space under this bridge.
[    0.185508] PCI host bridge to bus 0000:00
[    0.186014] pci_bus 0000:00: root bus resource [io  0x0000-0x0cf7 window]
[    0.186783] pci_bus 0000:00: root bus resource [io  0x0d00-0xffff window]
[    0.187569] pci_bus 0000:00: root bus resource [mem 0x000a0000-0x000bffff window]
[    0.188002] pci_bus 0000:00: root bus resource [mem 0x40000000-0xfdffffff window]
[    0.188873] pci_bus 0000:00: root bus resource [bus 00-ff]
[    0.190852] pci 0000:00:01.1: legacy IDE quirk: reg 0x10: [io  0x01f0-0x01f7]
[    0.192002] pci 0000:00:01.1: legacy IDE quirk: reg 0x14: [io  0x03f6]
[    0.192787] pci 0000:00:01.1: legacy IDE quirk: reg 0x18: [io  0x0170-0x0177]
[    0.193671] pci 0000:00:01.1: legacy IDE quirk: reg 0x1c: [io  0x0376]
[    0.203168] pci 0000:00:07.0: quirk: [io  0x4000-0x403f] claimed by PIIX4 ACPI
[    0.204000] pci 0000:00:07.0: quirk: [io  0x4100-0x410f] claimed by PIIX4 SMB
[    0.206959] ACPI: PCI Interrupt Link [LNKA] (IRQs 5 9 10 *11)
[    0.208213] ACPI: PCI Interrupt Link [LNKB] (IRQs 5 9 *10 11)
[    0.208958] ACPI: PCI Interrupt Link [LNKC] (IRQs 5 *9 10 11)
[    0.209743] ACPI: PCI Interrupt Link [LNKD] (IRQs 5 9 10 *11)
[    0.210755] SCSI subsystem initialized
[    0.211310] pci 0000:00:02.0: vgaarb: setting as boot VGA device
[    0.211310] pci 0000:00:02.0: vgaarb: VGA device added: decodes=io+mem,owns=io+mem,locks=none
[    0.212009] pci 0000:00:02.0: vgaarb: bridge control possible
[    0.212669] vgaarb: loaded
[    0.213036] ACPI: bus type USB registered
[    0.213545] usbcore: registered new interface driver usbfs
[    0.216014] usbcore: registered new interface driver hub
[    0.216631] usbcore: registered new device driver usb
[    0.217254] EDAC MC: Ver: 3.0.0
[    0.217254] PCI: Using ACPI for IRQ routing
[    0.217254] NetLabel: Initializing
[    0.217254] NetLabel:  domain hash size = 128
[    0.217617] NetLabel:  protocols = UNLABELED CIPSOv4 CALIPSO
[    0.220016] NetLabel:  unlabeled traffic allowed by default
[    0.220670] clocksource: Switched to clocksource kvm-clock
[    0.239576] VFS: Disk quotas dquot_6.6.0
[    0.240162] VFS: Dquot-cache hash table entries: 512 (order 0, 4096 bytes)
[    0.240987] AppArmor: AppArmor Filesystem Enabled
[    0.241558] pnp: PnP ACPI init
[    0.242606] pnp: PnP ACPI: found 3 devices
[    0.250561] clocksource: acpi_pm: mask: 0xffffff max_cycles: 0xffffff, max_idle_ns: 2085701024 ns
[    0.251623] NET: Registered protocol family 2
[    0.252312] TCP established hash table entries: 8192 (order: 4, 65536 bytes)
[    0.253122] TCP bind hash table entries: 8192 (order: 5, 131072 bytes)
[    0.258493] TCP: Hash tables configured (established 8192 bind 8192)
[    0.259232] UDP hash table entries: 512 (order: 2, 16384 bytes)
[    0.259940] UDP-Lite hash table entries: 512 (order: 2, 16384 bytes)
[    0.260697] NET: Registered protocol family 1
[    0.261227] pci 0000:00:00.0: Limiting direct PCI/PCI transfers
[    0.261924] pci 0000:00:01.0: Activating ISA DMA hang workarounds
[    0.262652] pci 0000:00:02.0: Video device with shadowed ROM at [mem 0x000c0000-0x000dffff]
[    0.263673] Unpacking initramfs...
[    0.590444] Freeing initrd memory: 19520K
[    0.591019] clocksource: tsc: mask: 0xffffffffffffffff max_cycles: 0x255cbae350f, max_idle_ns: 440795327587 ns
[    0.592249] platform rtc_cmos: registered platform RTC device (no PNP device found)
[    0.593175] Scanning for low memory corruption every 60 seconds
[    0.594437] Initialise system trusted keyrings
[    0.594997] Key type blacklist registered
[    0.595540] workingset: timestamp_bits=36 max_order=18 bucket_order=0
[    0.596947] zbud: loaded
[    0.597606] squashfs: version 4.0 (2009/01/31) Phillip Lougher
[    0.598432] fuse init (API version 7.26)
[    0.600669] Key type asymmetric registered
[    0.601251] Asymmetric key parser 'x509' registered
[    0.601888] Block layer SCSI generic (bsg) driver version 0.4 loaded (major 246)
[    0.602784] io scheduler noop registered
[    0.603250] io scheduler deadline registered
[    0.603770] io scheduler cfq registered (default)
[    0.604519] ACPI: AC Adapter [AC] (on-line)
[    0.605048] input: Power Button as /devices/LNXSYSTM:00/LNXPWRBN:00/input/input0
[    0.605939] ACPI: Power Button [PWRF]
[    0.606424] input: Sleep Button as /devices/LNXSYSTM:00/LNXSLPBN:00/input/input1
[    0.607276] ACPI: Sleep Button [SLPF]
[    0.608446] ACPI: Battery Slot [BAT0] (battery present)
[    0.609060] Serial: 8250/16550 driver, 32 ports, IRQ sharing enabled
[    0.630224] 00:02: ttyS0 at I/O 0x3f8 (irq = 4, base_baud = 115200) is a 16550A
[    0.633182] Linux agpgart interface v0.103
[    0.634726] loop: module loaded
[    0.635454] scsi host0: ata_piix
[    0.635946] scsi host1: ata_piix
[    0.636384] ata1: PATA max UDMA/33 cmd 0x1f0 ctl 0x3f6 bmdma 0xd000 irq 14
[    0.637186] ata2: PATA max UDMA/33 cmd 0x170 ctl 0x376 bmdma 0xd008 irq 15
[    0.638398] libphy: Fixed MDIO Bus: probed
[    0.638881] tun: Universal TUN/TAP device driver, 1.6
[    0.639516] PPP generic driver version 2.4.2
[    0.640133] ehci_hcd: USB 2.0 'Enhanced' Host Controller (EHCI) Driver
[    0.640861] ehci-pci: EHCI PCI platform driver
[    0.641390] ehci-platform: EHCI generic platform driver
[    0.641997] ohci_hcd: USB 1.1 'Open' Host Controller (OHCI) Driver
[    0.642696] ohci-pci: OHCI PCI platform driver
[    0.643228] ohci-platform: OHCI generic platform driver
[    0.643841] uhci_hcd: USB Universal Host Controller Interface driver
[    0.644618] i8042: PNP: PS/2 Controller [PNP0303:PS2K,PNP0f03:PS2M] at 0x60,0x64 irq 1,12
[    0.645931] serio: i8042 KBD port at 0x60,0x64 irq 1
[    0.646540] serio: i8042 AUX port at 0x60,0x64 irq 12
[    0.647232] mousedev: PS/2 mouse device common for all mice
[    0.648325] input: AT Translated Set 2 keyboard as /devices/platform/i8042/serio0/input/input2
[    0.649444] rtc_cmos rtc_cmos: rtc core: registered rtc_cmos as rtc0
[    0.650186] rtc_cmos rtc_cmos: alarms up to one day, 114 bytes nvram
[    0.650898] i2c /dev entries driver
[    0.651356] device-mapper: uevent: version 1.0.3
[    0.651965] device-mapper: ioctl: 4.37.0-ioctl (2017-09-20) initialised: dm-devel@redhat.com
[    0.652979] ledtrig-cpu: registered to indicate activity on CPUs
[    0.653943] NET: Registered protocol family 10
[    0.656441] Segment Routing with IPv6
[    0.656903] NET: Registered protocol family 17
[    0.657486] Key type dns_resolver registered
[    0.658111] mce: Using 0 MCE banks
[    0.658536] RAS: Correctable Errors collector initialized.
[    0.659167] sched_clock: Marking stable (658094891, 0)->(773508453, -115413562)
[    0.660292] registered taskstats version 1
[    0.660786] Loading compiled-in X.509 certificates
[    0.662624] Loaded X.509 cert 'Build time autogenerated kernel key: 028139f94c642d40642d50ab098c4e7b0aebaa81'
[    0.664110] Loaded X.509 cert 'Canonical Ltd. Live Patch Signing: 14df34d1a87cf37625abec039ef2bf521249b969'
[    0.665651] Loaded X.509 cert 'Canonical Ltd. Kernel Module Signing: 88f752e560a1e0737e31163a466ad7b70a850c19'
[    0.666772] zswap: loaded using pool lzo/zbud
[    0.669069] Key type big_key registered
[    0.669532] Key type trusted registered
[    0.670882] Key type encrypted registered
[    0.671397] AppArmor: AppArmor sha1 policy hashing enabled
[    0.672089] ima: No TPM chip found, activating TPM-bypass! (rc=-19)
[    0.672917] ima: Allocated hash algorithm: sha1
[    0.673619] evm: HMAC attrs: 0x1
[    0.678121]   Magic number: 1:886:997
[    0.678687] rtc_cmos rtc_cmos: setting system clock to 2021-04-22 17:57:42 UTC (1619114262)
[    0.679954] BIOS EDD facility v0.16 2004-Jun-25, 0 devices found
[    0.680740] EDD information not available.
[    1.063498] Freeing unused kernel image memory: 2444K
[    1.092796] Write protecting the kernel read-only data: 20480k
[    1.097160] Freeing unused kernel image memory: 2008K
[    1.098665] Freeing unused kernel image memory: 1828K
[    1.104957] x86/mm: Checked W+X mappings: passed, no W+X pages found.
Loading, please wait...
starting version 237
[    1.143202] e1000: Intel(R) PRO/1000 Network Driver - version 7.3.21-k8-NAPI
[    1.144184] e1000: Copyright (c) 1999-2006 Intel Corporation.
[    1.144981] Fusion MPT base driver 3.04.20
[    1.145478] Copyright (c) 1999-2008 LSI Corporation
[    1.151587] Fusion MPT SPI Host driver 3.04.20
[    1.155078] AVX2 version of gcm_enc/dec engaged.
[    1.155585] AES CTR mode by8 optimization enabled
[    1.346350] input: ImExPS/2 Generic Explorer Mouse as /devices/platform/i8042/serio1/input/input4
[    1.507211] e1000 0000:00:03.0 eth0: (PCI:33MHz:32-bit) 02:f3:7b:02:da:50
[    1.508191] e1000 0000:00:03.0 eth0: Intel(R) PRO/1000 Network Connection
[    1.509620] mptbase: ioc0: Initiating bringup
[    1.509758] e1000 0000:00:03.0 enp0s3: renamed from eth0
[    1.619374] ioc0: LSI53C1030 A0: Capabilities={Initiator}
[    1.867893] scsi host2: ioc0: LSI53C1030 A0, FwRev=00000000h, Ports=1, MaxQ=256, IRQ=20
[    2.037377] scsi 2:0:0:0: Direct-Access     VBOX     HARDDISK         1.0  PQ: 0 ANSI: 5
[    2.087953] scsi target2:0:0: Beginning Domain Validation
[    2.093905] scsi target2:0:0: Domain Validation skipping write tests
[    2.094563] scsi target2:0:0: Ending Domain Validation
[    2.095137] scsi target2:0:0: asynchronous
[    2.095787] scsi 2:0:1:0: Direct-Access     VBOX     HARDDISK         1.0  PQ: 0 ANSI: 5
[    2.400551] scsi target2:0:1: Beginning Domain Validation
[    2.402415] random: fast init done
[    2.402929] scsi target2:0:1: Domain Validation skipping write tests
[    2.403595] scsi target2:0:1: Ending Domain Validation
[    2.404182] scsi target2:0:1: asynchronous
[    2.407269] random: systemd-udevd: uninitialized urandom read (16 bytes read)
[    2.407305] sd 2:0:0:0: Attached scsi generic sg0 type 0
[    2.408070] random: systemd-udevd: uninitialized urandom read (16 bytes read)
[    2.409997] random: systemd-udevd: uninitialized urandom read (16 bytes read)
[    2.410821] sd 2:0:1:0: Attached scsi generic sg1 type 0
[    2.410828] sd 2:0:0:0: [sda] 83886080 512-byte logical blocks: (42.9 GB/40.0 GiB)
[    2.412721] sd 2:0:0:0: [sda] Write Protect is off
[    2.413425] sd 2:0:1:0: [sdb] 20480 512-byte logical blocks: (10.5 MB/10.0 MiB)
[    2.414384] sd 2:0:1:0: [sdb] Write Protect is off
[    2.414944] sd 2:0:0:0: [sda] Incomplete mode parameter data
[    2.415547] sd 2:0:0:0: [sda] Assuming drive cache: write through
[    2.416308] sd 2:0:1:0: [sdb] Incomplete mode parameter data
[    2.416897] sd 2:0:1:0: [sdb] Assuming drive cache: write through
[    2.423491]  sda: sda1
[    2.424699] sd 2:0:0:0: [sda] Attached SCSI disk
[    2.425460] sd 2:0:1:0: [sdb] Attached SCSI disk
Begin: Loading essential drivers ... [    3.772347] raid6: sse2x1   gen() 13719 MB/s
[    3.820664] raid6: sse2x1   xor()  8181 MB/s
[    3.868480] raid6: sse2x2   gen() 17935 MB/s
[    3.916290] raid6: sse2x2   xor() 11783 MB/s
[    3.964114] raid6: sse2x4   gen() 20313 MB/s
[    4.012166] raid6: sse2x4   xor() 12070 MB/s
[    4.060031] raid6: avx2x1   gen() 31288 MB/s
[    4.108290] raid6: avx2x1   xor() 18132 MB/s
[    4.156126] raid6: avx2x2   gen() 34811 MB/s
[    4.204053] raid6: avx2x2   xor() 24024 MB/s
[    4.252279] raid6: avx2x4   gen() 40664 MB/s
[    4.300117] raid6: avx2x4   xor() 24740 MB/s
[    4.300770] raid6: using algorithm avx2x4 gen() 40664 MB/s
[    4.301458] raid6: .... xor() 24740 MB/s, rmw enabled
[    4.302128] raid6: using avx2x2 recovery algorithm
[    4.303405] xor: automatically using best checksumming function   avx       
[    4.304718] async_tx: api initialized (async)
done.
Begin: Running /scripts/init-premount ... done.
Begin: Mounting root file system ... Begin: Running /scripts/local-top ... done.
Begin: Running /scripts/local-premount ... [    4.331681] Btrfs loaded, crc32c=crc32c-intel
Scanning for Btrfs filesystems
done.
Warning: fsck not present, so skipping root file system
[    4.354294] EXT4-fs (sda1): mounted filesystem with ordered data mode. Opts: (null)
done.
Begin: Running /scripts/local-bottom ... done.
Begin: Running /scripts/init-bottom ... done.
[    4.473767] ip_tables: (C) 2000-2006 Netfilter Core Team
[    4.479114] systemd[1]: systemd 237 running in system mode. (+PAM +AUDIT +SELINUX +IMA +APPARMOR +SMACK +SYSVINIT +UTMP +LIBCRYPTSETUP +GCRYPT +GNUTLS +ACL +XZ +LZ4 +SECCOMP +BLKID +ELFUTILS +KMOD -IDN2 +IDN -PCRE2 default-hierarchy=hybrid)
[    4.481440] systemd[1]: Detected virtualization oracle.
[    4.482015] systemd[1]: Detected architecture x86-64.

Welcome to [1mUbuntu 18.04.5 LTS[0m!

[    4.485153] systemd[1]: Set hostname to <ubuntu>.
[    4.487072] systemd[1]: Initializing machine ID from random generator.
[    4.487809] systemd[1]: Installed transient /etc/machine-id file.
[    4.630139] systemd[1]: Reached target System Time Synchronized.
[[0;32m  OK  [0m] Reached target System Time Synchronized.
[    4.644892] systemd[1]: Reached target User and Group Name Lookups.
[[0;32m  OK  [0m] Reached target User and Group Name Lookups.
[    4.646153] systemd[1]: Set up automount Arbitrary Executable File Formats File System Automount Point.
[[0;32m  OK  [0m] Set up automount Arbitrary Executab…rmats File System Automount Point.
[    4.657439] systemd[1]: Created slice User and Session Slice.
[[0;32m  OK  [0m] Created slice User and Session Slice.
[[0;32m  OK  [0m] Started Forward Password Requests to Wall Directory Watch.
[[0;32m  OK  [0m] Created slice System Slice.
[[0;32m  OK  [0m] Listening on LVM2 metadata daemon socket.
[[0;32m  OK  [0m] Listening on /dev/initctl Compatibility Named Pipe.
[[0;32m  OK  [0m] Listening on Network Service Netlink Socket.
[[0;32m  OK  [0m] Listening on Syslog Socket.
[[0;32m  OK  [0m] Listening on Device-mapper event daemon FIFOs.
[[0;32m  OK  [0m] Listening on LVM2 poll daemon socket.
[[0;32m  OK  [0m] Listening on Journal Socket.
         Starting Set the console keyboard layout...
         Starting Uncomplicated firewall...
         Starting Monitoring of LVM2 mirrors…ng dmeventd or progress polling...
         Starting Load Kernel Modules...
         Mounting Kernel Debug File System...
[[0;32m  OK  [0m] Reached target Slices.
         Mounting Huge Pages File System...
[[0;32m  OK  [0m] Listening on udev Kernel Socket.
         Starting Create list of required st…ce nodes for the current kernel...
         Mounting POSIX Message Queue File System...
[[0;32m  OK  [0m] Listening on fsck to fsckd communication Socket.
         Starting File System Check on Root Device...
[[0;32m  OK  [0m] Listening on Journal Socket (/dev/log).
[[0;32m  OK  [0m] Listening on Journal Audit Socket.
         Starting Journal Service...
[[0;32m  OK  [0m] Listening on udev Control Socket.
         Starting udev Coldplug all Devices...
[[0;32m  OK  [0m] Created slice system-serial\x2dgetty.slice.
[[0;32m  OK  [0m] Reached target Swap.
[[0;32m  OK  [0m] Started Uncomplicated firewall.
[[0;32m  OK  [0m] Started LVM2 metadata daemon.
[    4.713378] Loading iSCSI transport class v2.0-870.
[    4.717183] iscsi: registered transport (tcp)
[    4.727583] iscsi: registered transport (iser)
[[0;32m  OK  [0m] Started Load Kernel Modules.
         Mounting FUSE Control File System...
         Mounting Kernel Configuration File System...
         Starting Apply Kernel Variables...
[[0;32m  OK  [0m] Started Create list of required sta…vice nodes for the current kernel.
         Starting Create Static Device Nodes in /dev...
[[0;32m  OK  [0m] Started File System Check Daemon to report status.
[[0;32m  OK  [0m] Started Journal Service.
[[0;32m  OK  [0m] Started udev Coldplug all Devices.
[[0;32m  OK  [0m] Mounted Kernel Debug File System.
[[0;32m  OK  [0m] Mounted Huge Pages File System.
[[0;32m  OK  [0m] Mounted POSIX Message Queue File System.
[[0;32m  OK  [0m] Mounted FUSE Control File System.
[[0;32m  OK  [0m] Mounted Kernel Configuration File System.
[[0;32m  OK  [0m] Started Create Static Device Nodes in /dev.
[[0;32m  OK  [0m] Started Monitoring of LVM2 mirrors,…sing dmeventd or progress polling.
[[0;32m  OK  [0m] Started Apply Kernel Variables.
[[0;32m  OK  [0m] Started File System Check on Root Device.
         Starting Remount Root and Kernel File Systems...
[[0;32m  OK  [0m] Started Remount Root and Kernel File Systems.
         Starting udev Kernel Device Manager...
         Starting Load/Save Random Seed...
         Starting Flush Journal to Persistent Storage...
[[0;32m  OK  [0m] Started Set the console keyboard layout.
[[0;32m  OK  [0m] Started Load/Save Random Seed.
[[0;32m  OK  [0m] Reached target Local File Systems (Pre).
[[0;32m  OK  [0m] Reached target Local File Systems.
         Starting ebtables ruleset management...
         Starting Commit a transient machine-id on disk...
         Starting Set console font and keymap...
         Starting AppArmor initialization...
         Starting Tell Plymouth To Write Out Runtime Data...
[[0;32m  OK  [0m] Started udev Kernel Device Manager.
[[0;32m  OK  [0m] Started Dispatch Password Requests to Console Directory Watch.
[[0;32m  OK  [0m] Reached target Local Encrypted Volumes.
[[0;32m  OK  [0m] Started Set console font and keymap.
[[0;32m  OK  [0m] Started Tell Plymouth To Write Out Runtime Data.
[[0;32m  OK  [0m] Started Flush Journal to Persistent Storage.
         Starting Create Volatile Files and Directories...
[[0;32m  OK  [0m] Started Commit a transient machine-id on disk.
[[0;32m  OK  [0m] Started Create Volatile Files and Directories.
         Starting Update UTMP about System Boot/Shutdown...
[[0;32m  OK  [0m] Started Update UTMP about System Boot/Shutdown.
[[0;32m  OK  [0m] Started ebtables ruleset management.
[[0;32m  OK  [0m] Found device /dev/ttyS0.
[[0;32m  OK  [0m] Listening on Load/Save RF Kill Switch Status /dev/rfkill Watch.
[[0;32m  OK  [0m] Started AppArmor initialization.
         Starting Load AppArmor profiles managed internally by snapd...
         Starting Initial cloud-init job (pre-networking)...
[[0;32m  OK  [0m] Started Load AppArmor profiles managed internally by snapd.
[    6.277812] cloud-init[594]: Cloud-init v. 21.1-19-gbad84ad4-0ubuntu1~18.04.1 running 'init-local' at Thu, 22 Apr 2021 17:57:47 +0000. Up 6.05 seconds.
[[0;32m  OK  [0m] Started Initial cloud-init job (pre-networking).
[[0;32m  OK  [0m] Reached target Network (Pre).
         Starting Network Service...
[[0;32m  OK  [0m] Started Network Service.
         Starting Network Name Resolution...
         Starting Wait for Network to be Configured...
[[0;32m  OK  [0m] Started Network Name Resolution.
[[0;32m  OK  [0m] Reached target Host and Network Name Lookups.
[[0;32m  OK  [0m] Reached target Network.
[[0;32m  OK  [0m] Started Wait for Network to be Configured.
         Starting Initial cloud-init job (metadata service crawler)...
[    7.868031] cloud-init[711]: Cloud-init v. 21.1-19-gbad84ad4-0ubuntu1~18.04.1 running 'init' at Thu, 22 Apr 2021 17:57:49 +0000. Up 7.78 seconds.
[    7.880568] cloud-init[711]: ci-info: ++++++++++++++++++++++++++++++++++++++Net device info++++++++++++++++++++++++++++++++++++++
[    7.881404] cloud-init[711]: ci-info: +--------+------+----------------------------+---------------+--------+-------------------+
[    7.882261] cloud-init[711]: ci-info: | Device |  Up  |          Address           |      Mask     | Scope  |     Hw-Address    |
[    7.883106] cloud-init[711]: ci-info: +--------+------+----------------------------+---------------+--------+-------------------+
[    7.883957] cloud-init[711]: ci-info: | enp0s3 | True |         10.0.2.15          | 255.255.255.0 | global | 02:f3:7b:02:da:50 |
[    7.884879] cloud-init[711]: ci-info: | enp0s3 | True | fe80::f3:7bff:fe02:da50/64 |       .       |  link  | 02:f3:7b:02:da:50 |
[    7.885725] cloud-init[711]: ci-info: |   lo   | True |         127.0.0.1          |   255.0.0.0   |  host  |         .         |
[    7.886579] cloud-init[711]: ci-info: |   lo   | True |          ::1/128           |       .       |  host  |         .         |
[    7.887398] cloud-init[711]: ci-info: +--------+------+----------------------------+---------------+--------+-------------------+
[    7.888229] cloud-init[711]: ci-info: ++++++++++++++++++++++++++++Route IPv4 info+++++++++++++++++++++++++++++
[    7.888938] cloud-init[711]: ci-info: +-------+-------------+----------+-----------------+-----------+-------+
[    7.889636] cloud-init[711]: ci-info: | Route | Destination | Gateway  |     Genmask     | Interface | Flags |
[    7.890338] cloud-init[711]: ci-info: +-------+-------------+----------+-----------------+-----------+-------+
[    7.891042] cloud-init[711]: ci-info: |   0   |   0.0.0.0   | 10.0.2.2 |     0.0.0.0     |   enp0s3  |   UG  |
[    7.891752] cloud-init[711]: ci-info: |   1   |   10.0.2.0  | 0.0.0.0  |  255.255.255.0  |   enp0s3  |   U   |
[    7.892489] cloud-init[711]: ci-info: |   2   |   10.0.2.2  | 0.0.0.0  | 255.255.255.255 |   enp0s3  |   UH  |
[    7.893200] cloud-init[711]: ci-info: +-------+-------------+----------+-----------------+-----------+-------+
[    7.893901] cloud-init[711]: ci-info: +++++++++++++++++++Route IPv6 info+++++++++++++++++++
[    7.894497] cloud-init[711]: ci-info: +-------+-------------+---------+-----------+-------+
[    7.895085] cloud-init[711]: ci-info: | Route | Destination | Gateway | Interface | Flags |
[    7.895712] cloud-init[711]: ci-info: +-------+-------------+---------+-----------+-------+
[    7.896309] cloud-init[711]: ci-info: |   1   |  fe80::/64  |    ::   |   enp0s3  |   U   |
[    7.896906] cloud-init[711]: ci-info: |   3   |    local    |    ::   |   enp0s3  |   U   |
[    7.897619] cloud-init[711]: ci-info: |   4   |   ff00::/8  |    ::   |   enp0s3  |   U   |
[    7.898289] cloud-init[711]: ci-info: +-------+-------------+---------+-----------+-------+
[    8.387830] cloud-init[711]: Generating public/private rsa key pair.
[    8.388441] cloud-init[711]: Your identification has been saved in /etc/ssh/ssh_host_rsa_key.
[    8.389026] cloud-init[711]: Your public key has been saved in /etc/ssh/ssh_host_rsa_key.pub.
[    8.389794] cloud-init[711]: The key fingerprint is:
[    8.390154] cloud-init[711]: SHA256:Vruqy4zacMQ31ysBPU4qubLhGZBXLUH+dbD08uRUl9I root@ubuntu-bionic
[    8.390813] cloud-init[711]: The key's randomart image is:
[    8.391269] cloud-init[711]: +---[RSA 2048]----+
[    8.391637] cloud-init[711]: |   .o   o   .... |
[    8.392014] cloud-init[711]: |   . o o + ...E  |
[    8.392389] cloud-init[711]: |    + o B *  .   |
[    8.392748] cloud-init[711]: | . o + * @ .     |
[    8.393202] cloud-init[711]: |o . = = S =      |
[    8.393562] cloud-init[711]: | o . + + . o     |
[    8.393986] cloud-init[711]: |  = o   . o      |
[    8.394349] cloud-init[711]: | . X +   o       |
[    8.394707] cloud-init[711]: |  =.o =o.        |
[    8.395106] cloud-init[711]: +----[SHA256]-----+
[    8.395470] cloud-init[711]: Generating public/private dsa key pair.
[    8.395954] cloud-init[711]: Your identification has been saved in /etc/ssh/ssh_host_dsa_key.
[    8.396601] cloud-init[711]: Your public key has been saved in /etc/ssh/ssh_host_dsa_key.pub.
[    8.397236] cloud-init[711]: The key fingerprint is:
[    8.397615] cloud-init[711]: SHA256:xgMpJDOZDZQh9Y80VcMz/v9F3B4XRT5Z1NcKqRFvvJc root@ubuntu-bionic
[    8.398328] cloud-init[711]: The key's randomart image is:
[    8.398743] cloud-init[711]: +---[DSA 1024]----+
[    8.399102] cloud-init[711]: |.oOB. .oo .. . oB|
[    8.399468] cloud-init[711]: | .+*.. .+..oo  .B|
[    8.399835] cloud-init[711]: |    = o. o o+. =o|
[    8.400203] cloud-init[711]: |   . = o. .. ..o+|
[    8.400565] cloud-init[711]: |    . . S.  . E.=|
[    8.400926] cloud-init[711]: |       . ..  . oo|
[    8.401284] cloud-init[711]: |           .    o|
[    8.401645] cloud-init[711]: |            .  . |
[    8.402049] cloud-init[711]: |             ..  |
[    8.402411] cloud-init[711]: +----[SHA256]-----+
[    8.402775] cloud-init[711]: Generating public/private ecdsa key pair.
[    8.403272] cloud-init[711]: Your identification has been saved in /etc/ssh/ssh_host_ecdsa_key.
[    8.403913] cloud-init[711]: Your public key has been saved in /etc/ssh/ssh_host_ecdsa_key.pub.
[    8.404563] cloud-init[711]: The key fingerprint is:
[    8.404989] cloud-init[711]: SHA256:TFFtxR1q+pjlE+LPiSDFv5RRWTrCJloQgpiwTwbyUvE root@ubuntu-bionic
[    8.405653] cloud-init[711]: The key's randomart image is:
[    8.406066] cloud-init[711]: +---[ECDSA 256]---+
[    8.406396] cloud-init[711]: |= =... oo... o.+.|
[    8.406804] cloud-init[711]: |.B o  . ... o * .|
[    8.407168] cloud-init[711]: |o + E   .o = B   |
[    8.407541] cloud-init[711]: | =     o+ o = .  |
[    8.407953] cloud-init[711]: |  .    .So + o   |
[    8.408332] cloud-init[711]: |        . o X .  |
[    8.408759] cloud-init[711]: |       . . B +   |
[    8.409117] cloud-init[711]: |        . o = o  |
[    8.409479] cloud-init[711]: |           o +   |
[    8.409844] cloud-init[711]: +----[SHA256]-----+
[    8.410204] cloud-init[711]: Generating public/private ed25519 key pair.
[    8.411338] cloud-init[711]: Your identification has been saved in /etc/ssh/ssh_host_ed25519_key.
[    8.411989] cloud-init[711]: Your public key has been saved in /etc/ssh/ssh_host_ed25519_key.pub.
[    8.412653] cloud-init[711]: The key fingerprint is:
[    8.413036] cloud-init[711]: SHA256:ddcdFbNEDSoFjxaeYl1n5rL+vxmEN38s0WepDeRUpnk root@ubuntu-bionic
[    8.413722] cloud-init[711]: The key's randomart image is:
[    8.414176] cloud-init[711]: +--[ED25519 256]--+
[    8.414535] cloud-init[711]: |          o.o *X=|
[    8.414899] cloud-init[711]: |         o B **.*|
[    8.415262] cloud-init[711]: |        o O ==oEo|
[    8.415642] cloud-init[711]: |       . + o++o..|
[    8.416003] cloud-init[711]: |        S   .+.=+|
[    8.416393] cloud-init[711]: |           .  *++|
[    8.416752] cloud-init[711]: |            ...o+|
[    8.417115] cloud-init[711]: |             . .+|
[    8.417501] cloud-init[711]: |              .+o|
[    8.417868] cloud-init[711]: +----[SHA256]-----+
[[0;32m  OK  [0m] Started Initial cloud-init job (metadata service crawler).
[[0;32m  OK  [0m] Reached target System Initialization.
         Starting LXD - unix socket.
[[0;32m  OK  [0m] Started Daily apt download activities.
[[0;32m  OK  [0m] Started Daily apt upgrade and clean activities.
         Starting Socket activation for snappy daemon.
[[0;32m  OK  [0m] Listening on D-Bus System Message Bus Socket.
[[0;32m  OK  [0m] Started Discard unused blocks once a week.
[[0;32m  OK  [0m] Listening on Open-iSCSI iscsid Socket.
[[0;32m  OK  [0m] Listening on ACPID Listen Socket.
[[0;32m  OK  [0m] Started Message of the Day.
[[0;32m  OK  [0m] Listening on UUID daemon activation socket.
[[0;32m  OK  [0m] Started ACPI Events Check.
[[0;32m  OK  [0m] Reached target Paths.
[[0;32m  OK  [0m] Started Daily Cleanup of Temporary Directories.
[[0;32m  OK  [0m] Reached target Timers.
[[0;32m  OK  [0m] Reached target Network is Online.
[[0;32m  OK  [0m] Reached target Remote File Systems (Pre).
[[0;32m  OK  [0m] Reached target Remote File Systems.
         Starting Availability of block devices...
[[0;32m  OK  [0m] Reached target Cloud-config availability.
[[0;32m  OK  [0m] Listening on LXD - unix socket.
[[0;32m  OK  [0m] Listening on Socket activation for snappy daemon.
[[0;32m  OK  [0m] Reached target Sockets.
[[0;32m  OK  [0m] Reached target Basic System.
         Starting System Logging Service...
         Starting Pollinate to seed the pseudo random number generator...
         Starting Permit User Sessions...
         Starting Virtualbox guest utils...
         Starting LSB: Record successful boot for GRUB...
[[0;32m  OK  [0m] Started D-Bus System Message Bus.
         Starting Accounts Service...
[[0;32m  OK  [0m] Started FUSE filesystem for LXC.
         Starting Dispatcher daemon for systemd-networkd...
[[0;32m  OK  [0m] Started irqbalance daemon.
[[0;32m  OK  [0m] Started Regular background program processing daemon.
         Starting LXD - container startup/shutdown...
[[0;32m  OK  [0m] Started Deferred execution scheduler.
         Starting Snap Daemon...
         Starting Login Service...
         Starting LSB: automatic crash report generation...
[[0;32m  OK  [0m] Started System Logging Service.
[[0;32m  OK  [0m] Started Availability of block devices.
[[0;32m  OK  [0m] Started Permit User Sessions.
         Starting Hold until boot process finishes up...
         Starting Terminate Plymouth Boot Screen...
[[0;32m  OK  [0m] Started Hold until boot process finishes up.
         Starting Set console scheme...
[[0;32m  OK  [0m] Started Serial Getty on ttyS0.
[[0;32m  OK  [0m] Started Terminate Plymouth Boot Screen.
[[0;32m  OK  [0m] Started Set console scheme.
[[0;32m  OK  [0m] Created slice system-getty.slice.
[[0;32m  OK  [0m] Started Getty on tty1.
[[0;32m  OK  [0m] Reached target Login Prompts.
[[0;32m  OK  [0m] Started Login Service.
[[0;32m  OK  [0m] Started Unattended Upgrades Shutdown.
[[0;32m  OK  [0m] Started LSB: Record successful boot for GRUB.
[[0;32m  OK  [0m] Started LSB: automatic crash report generation.
         Starting Authorization Manager...
[[0;32m  OK  [0m] Started Virtualbox guest utils.
[[0;32m  OK  [0m] Started LXD - container startup/shutdown.
[[0;32m  OK  [0m] Started Authorization Manager.
[[0;32m  OK  [0m] Started Accounts Service.
[[0;32m  OK  [0m] Started Dispatcher daemon for systemd-networkd.
[[0;32m  OK  [0m] Started Snap Daemon.
         Starting Wait until snapd is fully seeded...
[[0;32m  OK  [0m] Started Pollinate to seed the pseudo random number generator.
         Starting OpenBSD Secure Shell server...
[[0;32m  OK  [0m] Started OpenBSD Secure Shell server.
[[0;32m  OK  [0m] Created slice User Slice of vagrant.
         Starting User Manager for UID 1000...
[[0;32m  OK  [0m] Started Session 1 of user vagrant.
[[0;32m  OK  [0m] Started User Manager for UID 1000.
[[0;32m  OK  [0m] Started Wait until snapd is fully seeded.
         Starting Apply the settings specified in cloud-config...
[[0;32m  OK  [0m] Reached target Multi-User System.
[[0;32m  OK  [0m] Reached target Graphical Interface.
         Starting Update UTMP about System Runlevel Changes...
[[0;32m  OK  [0m] Started Update UTMP about System Runlevel Changes.
[   13.250929] cloud-init[1325]: Cloud-init v. 21.1-19-gbad84ad4-0ubuntu1~18.04.1 running 'modules:config' at Thu, 22 Apr 2021 17:57:54 +0000. Up 12.71 seconds.
[[0;32m  OK  [0m] Started Apply the settings specified in cloud-config.
         Starting Execute cloud user/final scripts...
ci-info: no authorized SSH keys fingerprints found for user ubuntu.
<14>Apr 22 17:57:55 ec2: 
<14>Apr 22 17:57:55 ec2: #############################################################
<14>Apr 22 17:57:55 ec2: -----BEGIN SSH HOST KEY FINGERPRINTS-----
<14>Apr 22 17:57:55 ec2: 1024 SHA256:xgMpJDOZDZQh9Y80VcMz/v9F3B4XRT5Z1NcKqRFvvJc root@ubuntu-bionic (DSA)
<14>Apr 22 17:57:55 ec2: 256 SHA256:TFFtxR1q+pjlE+LPiSDFv5RRWTrCJloQgpiwTwbyUvE root@ubuntu-bionic (ECDSA)
<14>Apr 22 17:57:55 ec2: 256 SHA256:ddcdFbNEDSoFjxaeYl1n5rL+vxmEN38s0WepDeRUpnk root@ubuntu-bionic (ED25519)
<14>Apr 22 17:57:55 ec2: 2048 SHA256:Vruqy4zacMQ31ysBPU4qubLhGZBXLUH+dbD08uRUl9I root@ubuntu-bionic (RSA)
<14>Apr 22 17:57:55 ec2: -----END SSH HOST KEY FINGERPRINTS-----
<14>Apr 22 17:57:55 ec2: #############################################################
-----BEGIN SSH HOST KEY KEYS-----
ecdsa-sha2-nistp256 AAAAE2VjZHNhLXNoYTItbmlzdHAyNTYAAAAIbmlzdHAyNTYAAABBBGtVprke0pgQWIVCtgvYIj+xxlFGD8svX54y69Yo1/kulXCQ06VrfgxZFA3Ced/SmJKfCy/rwat/v02bynkc738= root@ubuntu-bionic
ssh-ed25519 AAAAC3NzaC1lZDI1NTE5AAAAINctM7RJcdjvxDlRNM4ob3ZB9K0gnc3AWBvJ9zNUsbwf root@ubuntu-bionic
ssh-rsa AAAAB3NzaC1yc2EAAAADAQABAAABAQDC9gH3zmhLC74I5bo+7o45qr7PhKglx45np/Dgae85HOegUR1NilgKznfzFUB053j1ldWQxQH9cZLTl7EVwe6pbZ90N+hKRklybsVJVwFvvqgKbioIdt4zqYQiYV5JS/QhVlfzolOUqhVy67eeKgdw7pLBR8EKrRv+glf/CBZwoY9TgXMGzl5kJVl1qQLt89fB0/s7LoUtKcWG7wWmLSM5lCZuNvyhUBGz3GrE/Q1JGYWQgd2tqGfOWwlYsy87/xK3fA+YbqtNc/4alLG/2rQgrCVFATszKGpPSxCVpaIo26fElYvC9RGSA15O8TxvRANDgBsInJkhB8g1/7bLoQkf root@ubuntu-bionic
-----END SSH HOST KEY KEYS-----
[   13.643537] cloud-init[1467]: Cloud-init v. 21.1-19-gbad84ad4-0ubuntu1~18.04.1 running 'modules:final' at Thu, 22 Apr 2021 17:57:55 +0000. Up 13.53 seconds.
[   13.644695] cloud-init[1467]: ci-info: no authorized SSH keys fingerprints found for user ubuntu.
[   13.645489] cloud-init[1467]: Cloud-init v. 21.1-19-gbad84ad4-0ubuntu1~18.04.1 finished at Thu, 22 Apr 2021 17:57:55 +0000. Datasource DataSourceNoCloud [seed=/dev/sdb][dsmode=net].  Up 13.63 seconds

Ubuntu 18.04.5 LTS ubuntu-bionic ttyS0

ubuntu-bionic login: 